TN:
SF:src/UniswapV2ERC20.sol
FN:21,UniswapV2ERC20.constructor
FN:37,UniswapV2ERC20._mint
FN:43,UniswapV2ERC20._burn
FN:49,UniswapV2ERC20._approve
FN:54,UniswapV2ERC20._transfer
FN:60,UniswapV2ERC20.approve
FN:65,UniswapV2ERC20.transfer
FN:70,UniswapV2ERC20.transferFrom
FN:78,UniswapV2ERC20.permit
FNDA:18,UniswapV2ERC20.constructor
FNDA:12,UniswapV2ERC20._mint
FNDA:1,UniswapV2ERC20._burn
FNDA:3,UniswapV2ERC20._approve
FNDA:15,UniswapV2ERC20._transfer
FNDA:2,UniswapV2ERC20.approve
FNDA:14,UniswapV2ERC20.transfer
FNDA:1,UniswapV2ERC20.transferFrom
FNDA:1,UniswapV2ERC20.permit
FNF:9
FNH:9
DA:21,18
DA:22,18
DA:24,18
DA:26,18
DA:37,12
DA:38,18
DA:39,18
DA:40,18
DA:43,1
DA:44,1
DA:45,1
DA:46,1
DA:49,3
DA:50,3
DA:51,3
DA:54,15
DA:55,15
DA:56,13
DA:57,13
DA:60,2
DA:61,2
DA:62,2
DA:65,14
DA:66,14
DA:67,12
DA:70,1
DA:71,1
DA:72,1
DA:74,1
DA:75,1
DA:78,1
DA:81,1
DA:82,1
DA:89,1
DA:90,1
DA:91,1
LF:36
LH:36
end_of_record
TN:
SF:src/UniswapV2Factory.sol
FN:14,UniswapV2Factory.constructor
FN:18,UniswapV2Factory.allPairsLength
FN:22,UniswapV2Factory.createPair
FN:39,UniswapV2Factory.setFeeTo
FN:44,UniswapV2Factory.setFeeToSetter
FNDA:12,UniswapV2Factory.constructor
FNDA:2,UniswapV2Factory.allPairsLength
FNDA:9,UniswapV2Factory.createPair
FNDA:2,UniswapV2Factory.setFeeTo
FNDA:2,UniswapV2Factory.setFeeToSetter
FNF:5
FNH:5
DA:14,12
DA:15,12
DA:18,2
DA:19,2
DA:22,9
DA:23,9
DA:24,8
DA:25,8
DA:26,7
DA:27,6
DA:28,6
DA:30,6
DA:32,6
DA:33,6
DA:34,6
DA:35,6
DA:36,6
DA:39,2
DA:40,2
DA:41,1
DA:44,2
DA:45,2
DA:46,1
LF:23
LH:23
end_of_record
TN:
SF:src/UniswapV2Pair.sol
FN:110,UniswapV2Pair.mint
FN:134,UniswapV2Pair.burn
FN:159,UniswapV2Pair.swap
FN:195,UniswapV2Pair.skim
FN:203,UniswapV2Pair.sync
FN:31,UniswapV2Pair.lock
FN:38,UniswapV2Pair.getReserves
FN:44,UniswapV2Pair._safeTransfer
FN:61,UniswapV2Pair.constructor
FN:66,UniswapV2Pair.initialize
FN:73,UniswapV2Pair._update
FN:89,UniswapV2Pair._mintFee
FNDA:3,UniswapV2Pair.mint
FNDA:1,UniswapV2Pair.burn
FNDA:1,UniswapV2Pair.swap
FNDA:0,UniswapV2Pair.skim
FNDA:0,UniswapV2Pair.sync
FNDA:1,UniswapV2Pair.lock
FNDA:2,UniswapV2Pair.getReserves
FNDA:3,UniswapV2Pair._safeTransfer
FNDA:6,UniswapV2Pair.constructor
FNDA:6,UniswapV2Pair.initialize
FNDA:5,UniswapV2Pair._update
FNDA:4,UniswapV2Pair._mintFee
FNF:12
FNH:10
DA:31,1
DA:32,1
DA:33,1
DA:35,1
DA:38,2
DA:39,7
DA:40,7
DA:41,7
DA:44,3
DA:45,3
DA:46,3
DA:61,6
DA:62,6
DA:66,6
DA:67,6
DA:68,6
DA:69,6
DA:73,5
DA:74,5
DA:75,5
DA:76,5
DA:77,5
DA:79,0
DA:80,0
DA:82,5
DA:83,5
DA:84,5
DA:85,5
DA:89,4
DA:90,4
DA:91,4
DA:92,4
DA:93,0
DA:94,0
DA:95,0
DA:96,0
DA:97,0
DA:98,0
DA:99,0
DA:100,0
DA:101,0
DA:104,4
DA:105,0
DA:110,3
DA:111,3
DA:112,3
DA:113,3
DA:114,3
DA:115,3
DA:117,3
DA:118,3
DA:119,3
DA:120,3
DA:121,3
DA:123,0
DA:125,3
DA:126,3
DA:128,3
DA:129,0
DA:130,3
DA:134,1
DA:135,1
DA:136,1
DA:137,1
DA:138,1
DA:139,1
DA:140,1
DA:142,1
DA:143,1
DA:144,1
DA:145,1
DA:146,1
DA:147,1
DA:148,1
DA:149,1
DA:150,1
DA:151,1
DA:153,1
DA:154,0
DA:155,1
DA:159,1
DA:160,1
DA:161,1
DA:162,1
DA:164,1
DA:165,1
DA:168,1
DA:169,1
DA:170,1
DA:171,1
DA:172,1
DA:173,1
DA:174,1
DA:175,1
DA:177,1
DA:178,1
DA:179,1
DA:182,1
DA:183,1
DA:184,1
DA:190,1
DA:191,1
DA:195,0
DA:196,0
DA:197,0
DA:198,0
DA:199,0
DA:203,0
DA:204,0
LF:109
LH:87
end_of_record
TN:
SF:src/libraries/Math.sol
FN:11,Math.sqrt
FN:6,Math.min
FNDA:3,Math.sqrt
FNDA:0,Math.min
FNF:2
FNH:1
DA:6,0
DA:7,0
DA:11,3
DA:12,3
DA:13,3
DA:14,3
DA:15,203
DA:16,200
DA:17,200
DA:19,0
DA:20,0
LF:11
LH:7
end_of_record
TN:
SF:src/libraries/SafeMath.sol
FN:10,SafeMath.sub
FN:14,SafeMath.mul
FN:6,SafeMath.add
FNDA:29,SafeMath.sub
FNDA:12,SafeMath.mul
FNDA:49,SafeMath.add
FNF:3
FNH:3
DA:6,49
DA:7,49
DA:10,29
DA:11,29
DA:14,12
DA:15,12
LF:6
LH:6
end_of_record
TN:
SF:src/libraries/UQ112x112.sol
FN:12,UQ112x112.encode
FN:17,UQ112x112.uqdiv
FNDA:0,UQ112x112.encode
FNDA:0,UQ112x112.uqdiv
FNF:2
FNH:0
DA:12,0
DA:13,0
DA:17,0
DA:18,0
LF:4
LH:0
end_of_record
