TN:
SF:src/UniswapV2ERC20.sol
FN:18,UniswapV2ERC20.constructor
FN:34,UniswapV2ERC20._mint
FN:40,UniswapV2ERC20._burn
FN:46,UniswapV2ERC20._approve
FN:51,UniswapV2ERC20._transfer
FN:57,UniswapV2ERC20.approve
FN:62,UniswapV2ERC20.transfer
FN:67,UniswapV2ERC20.transferFrom
FN:75,UniswapV2ERC20.permit
FNDA:18,UniswapV2ERC20.constructor
FNDA:18,UniswapV2ERC20._mint
FNDA:1,UniswapV2ERC20._burn
FNDA:2,UniswapV2ERC20._approve
FNDA:14,UniswapV2ERC20._transfer
FNDA:1,UniswapV2ERC20.approve
FNDA:13,UniswapV2ERC20.transfer
FNDA:1,UniswapV2ERC20.transferFrom
FNDA:1,UniswapV2ERC20.permit
FNF:9
FNH:9
DA:18,18
DA:19,18
DA:21,18
DA:23,18
DA:34,18
DA:35,18
DA:36,18
DA:37,18
DA:40,1
DA:41,1
DA:42,1
DA:43,1
DA:46,2
DA:47,2
DA:48,2
DA:51,14
DA:52,14
DA:53,14
DA:54,14
DA:57,1
DA:58,1
DA:59,1
DA:62,13
DA:63,13
DA:64,13
DA:67,1
DA:68,1
DA:69,1
DA:71,1
DA:72,1
DA:75,1
DA:78,1
DA:79,1
DA:86,1
DA:87,1
DA:88,1
LF:36
LH:36
end_of_record
TN:
SF:src/UniswapV2Factory.sol
FN:14,UniswapV2Factory.constructor
FN:18,UniswapV2Factory.allPairsLength
FN:22,UniswapV2Factory.createPair
FN:39,UniswapV2Factory.setFeeTo
FN:44,UniswapV2Factory.setFeeToSetter
FNDA:14,UniswapV2Factory.constructor
FNDA:2,UniswapV2Factory.allPairsLength
FNDA:11,UniswapV2Factory.createPair
FNDA:2,UniswapV2Factory.setFeeTo
FNDA:2,UniswapV2Factory.setFeeToSetter
FNF:5
FNH:5
DA:14,14
DA:15,14
DA:18,2
DA:19,2
DA:22,11
DA:23,11
DA:24,10
DA:25,10
DA:26,9
DA:27,8
DA:28,8
DA:30,8
DA:32,8
DA:33,8
DA:34,8
DA:35,8
DA:36,8
DA:39,2
DA:40,2
DA:41,1
DA:44,2
DA:45,2
DA:46,1
LF:23
LH:23
end_of_record
TN:
SF:src/UniswapV2Pair.sol
FN:109,UniswapV2Pair.mint
FN:133,UniswapV2Pair.burn
FN:158,UniswapV2Pair.swap
FN:191,UniswapV2Pair.skim
FN:199,UniswapV2Pair.sync
FN:30,UniswapV2Pair.lock
FN:37,UniswapV2Pair.getReserves
FN:43,UniswapV2Pair._safeTransfer
FN:60,UniswapV2Pair.constructor
FN:65,UniswapV2Pair.initialize
FN:72,UniswapV2Pair._update
FN:88,UniswapV2Pair._mintFee
FNDA:4,UniswapV2Pair.mint
FNDA:1,UniswapV2Pair.burn
FNDA:1,UniswapV2Pair.swap
FNDA:0,UniswapV2Pair.skim
FNDA:0,UniswapV2Pair.sync
FNDA:1,UniswapV2Pair.lock
FNDA:2,UniswapV2Pair.getReserves
FNDA:3,UniswapV2Pair._safeTransfer
FNDA:8,UniswapV2Pair.constructor
FNDA:8,UniswapV2Pair.initialize
FNDA:6,UniswapV2Pair._update
FNDA:5,UniswapV2Pair._mintFee
FNF:12
FNH:10
DA:30,1
DA:31,1
DA:32,1
DA:34,1
DA:37,2
DA:38,8
DA:39,8
DA:40,8
DA:43,3
DA:44,3
DA:45,3
DA:60,8
DA:61,8
DA:65,8
DA:66,8
DA:67,8
DA:68,8
DA:72,6
DA:73,6
DA:74,6
DA:75,6
DA:76,6
DA:78,0
DA:79,0
DA:81,6
DA:82,6
DA:83,6
DA:84,6
DA:88,5
DA:89,5
DA:90,5
DA:91,5
DA:92,0
DA:93,0
DA:94,0
DA:95,0
DA:96,0
DA:97,0
DA:98,0
DA:99,0
DA:100,0
DA:103,5
DA:104,0
DA:109,4
DA:110,4
DA:111,4
DA:112,4
DA:113,4
DA:114,4
DA:116,4
DA:117,4
DA:118,4
DA:119,4
DA:120,4
DA:122,0
DA:124,4
DA:125,4
DA:127,4
DA:128,0
DA:129,4
DA:133,1
DA:134,1
DA:135,1
DA:136,1
DA:137,1
DA:138,1
DA:139,1
DA:141,1
DA:142,1
DA:143,1
DA:144,1
DA:145,1
DA:146,1
DA:147,1
DA:148,1
DA:149,1
DA:150,1
DA:152,1
DA:153,0
DA:154,1
DA:158,1
DA:159,1
DA:160,1
DA:161,1
DA:163,1
DA:164,1
DA:167,1
DA:168,1
DA:169,1
DA:170,1
DA:171,1
DA:172,1
DA:173,1
DA:174,1
DA:176,1
DA:177,1
DA:178,1
DA:181,1
DA:182,1
DA:183,1
DA:186,1
DA:187,1
DA:191,0
DA:192,0
DA:193,0
DA:194,0
DA:195,0
DA:199,0
DA:200,0
LF:109
LH:87
end_of_record
